<?xml version="1.0" encoding="UTF-8"?>

<mule xmlns:basic="http://www.mulesoft.org/schema/mule/basic"
      xmlns:http="http://www.mulesoft.org/schema/mule/http"
      xmlns="http://www.mulesoft.org/schema/mule/core"
      xmlns:doc="http://www.mulesoft.org/schema/mule/documentation"
      xmlns:xsi="http://www.w3.org/2001/XMLSchema-instance"
      xsi:schemaLocation="http://www.mulesoft.org/schema/mule/core http://www.mulesoft.org/schema/mule/core/current/mule.xsd
http://www.mulesoft.org/schema/mule/http http://www.mulesoft.org/schema/mule/http/current/mule-http.xsd
http://www.mulesoft.org/schema/mule/basic http://www.mulesoft.org/schema/mule/basic/current/mule-basic.xsd">


	<basic:config name="SlackWebHook_Config"
	              doc:name="SlackWebHook Config"
	              doc:id="91ae4b28-4f31-4b0f-bfff-3bb9a3928460"
	              responseTimeout="4000"
	              configId="10"
	              webHookUrl="" />


	<flow name="sample-connector-usageFlow" doc:id="c8bab093-92b6-4b13-a76b-c44f2c37c9f8" >
		<basic:send-message
				doc:name="Send message"
				doc:id="7e9cc766-9d2b-4e3e-993c-145700962405"
				config-ref="SlackWebHook_Config"
				message="foo"/>
	</flow>

</mule>
